  Date.cpp
  Fraction.cpp
C:\Projects in VS\hw_30_01_2024\hw_30_01_2024\Fraction.cpp(86,42): warning C4244: аргумент: преобразование "double" в "int", возможна потеря данных
  Group.cpp
  hw_30_01_2024.cpp
C:\Projects in VS\hw_30_01_2024\hw_30_01_2024\hw_30_01_2024.cpp(45,21): warning C4244: +=: преобразование "__int64" в "int", возможна потеря данных
C:\Projects in VS\hw_30_01_2024\hw_30_01_2024\hw_30_01_2024.cpp(46,22): warning C4244: +=: преобразование "__int64" в "int", возможна потеря данных
  Student.cpp
C:\Projects in VS\hw_30_01_2024\hw_30_01_2024\Student.cpp(19,20): warning C4018: <: несоответствие типов со знаком и без знака
C:\Projects in VS\hw_30_01_2024\hw_30_01_2024\Student.cpp(25,20): warning C4018: <: несоответствие типов со знаком и без знака
C:\Projects in VS\hw_30_01_2024\hw_30_01_2024\Student.cpp(31,20): warning C4018: <: несоответствие типов со знаком и без знака
C:\Projects in VS\hw_30_01_2024\hw_30_01_2024\Student.cpp(123,20): warning C4018: <: несоответствие типов со знаком и без знака
C:\Projects in VS\hw_30_01_2024\hw_30_01_2024\Student.cpp(135,20): warning C4018: <: несоответствие типов со знаком и без знака
C:\Projects in VS\hw_30_01_2024\hw_30_01_2024\Student.cpp(157,20): warning C4018: <: несоответствие типов со знаком и без знака
C:\Projects in VS\hw_30_01_2024\hw_30_01_2024\Student.cpp(169,20): warning C4018: <: несоответствие типов со знаком и без знака
C:\Projects in VS\hw_30_01_2024\hw_30_01_2024\Student.cpp(191,20): warning C4018: <: несоответствие типов со знаком и без знака
C:\Projects in VS\hw_30_01_2024\hw_30_01_2024\Student.cpp(204,20): warning C4018: <: несоответствие типов со знаком и без знака
C:\Projects in VS\hw_30_01_2024\hw_30_01_2024\Student.cpp(214,20): warning C4018: <: несоответствие типов со знаком и без знака
  Создание кода...
C:\Projects in VS\hw_30_01_2024\hw_30_01_2024\Student.cpp(151): warning C4715: Student::GetPracticRates: значение возвращается не при всех путях выполнения
C:\Projects in VS\hw_30_01_2024\hw_30_01_2024\Student.cpp(185): warning C4715: Student::GetHWRates: значение возвращается не при всех путях выполнения
C:\Projects in VS\hw_30_01_2024\hw_30_01_2024\Student.cpp(230): warning C4715: Student::GetExamRates: значение возвращается не при всех путях выполнения
  hw_30_01_2024.vcxproj -> C:\Projects in VS\hw_30_01_2024\x64\Debug\hw_30_01_2024.exe
